0 info it worked if it ends with ok
1 verbose cli [ '/usr/local/bin/node', '/usr/local/bin/npm', 'run', 'watch' ]
2 info using npm@3.10.9
3 info using node@v6.9.2
4 verbose run-script [ 'prewatch', 'watch', 'postwatch' ]
5 info lifecycle botbuilder-topical@0.6.6~prewatch: botbuilder-topical@0.6.6
6 silly lifecycle botbuilder-topical@0.6.6~prewatch: no script for prewatch, continuing
7 info lifecycle botbuilder-topical@0.6.6~watch: botbuilder-topical@0.6.6
8 verbose lifecycle botbuilder-topical@0.6.6~watch: unsafe-perm in lifecycle true
9 verbose lifecycle botbuilder-topical@0.6.6~watch: PATH: /usr/local/lib/node_modules/npm/bin/node-gyp-bin:/Users/bill/Dropbox/billba-mbp/topical/node_modules/.bin:/usr/local/bin:/usr/bin:/bin:/usr/sbin:/sbin:/usr/local/share/dotnet
10 verbose lifecycle botbuilder-topical@0.6.6~watch: CWD: /Users/bill/Dropbox/billba-mbp/topical
11 silly lifecycle botbuilder-topical@0.6.6~watch: Args: [ '-c', 'tsc -w' ]
12 silly lifecycle botbuilder-topical@0.6.6~watch: Returned: code: 1  signal: null
13 info lifecycle botbuilder-topical@0.6.6~watch: Failed to exec watch script
14 verbose stack Error: botbuilder-topical@0.6.6 watch: `tsc -w`
14 verbose stack Exit status 1
14 verbose stack     at EventEmitter.<anonymous> (/usr/local/lib/node_modules/npm/lib/utils/lifecycle.js:255:16)
14 verbose stack     at emitTwo (events.js:106:13)
14 verbose stack     at EventEmitter.emit (events.js:191:7)
14 verbose stack     at ChildProcess.<anonymous> (/usr/local/lib/node_modules/npm/lib/utils/spawn.js:40:14)
14 verbose stack     at emitTwo (events.js:106:13)
14 verbose stack     at ChildProcess.emit (events.js:191:7)
14 verbose stack     at maybeClose (internal/child_process.js:877:16)
14 verbose stack     at Process.ChildProcess._handle.onexit (internal/child_process.js:226:5)
15 verbose pkgid botbuilder-topical@0.6.6
16 verbose cwd /Users/bill/Dropbox/billba-mbp/topical
17 error Darwin 17.4.0
18 error argv "/usr/local/bin/node" "/usr/local/bin/npm" "run" "watch"
19 error node v6.9.2
20 error npm  v3.10.9
21 error code ELIFECYCLE
22 error botbuilder-topical@0.6.6 watch: `tsc -w`
22 error Exit status 1
23 error Failed at the botbuilder-topical@0.6.6 watch script 'tsc -w'.
23 error Make sure you have the latest version of node.js and npm installed.
23 error If you do, this is most likely a problem with the botbuilder-topical package,
23 error not with npm itself.
23 error Tell the author that this fails on your system:
23 error     tsc -w
23 error You can get information on how to open an issue for this project with:
23 error     npm bugs botbuilder-topical
23 error Or if that isn't available, you can get their info via:
23 error     npm owner ls botbuilder-topical
23 error There is likely additional logging output above.
24 verbose exit [ 1, true ]
